{
  "headers": [
    {
      "name": "User-Agent",
      "value": "Mozilla/5.0 (Unknown; Linux x86_64) AppleWebKit/534.34 (KHTML, like Gecko) PhantomJS/1.9.8 Safari/534.34"
    },
    {
      "name": "Accept",
      "value": "*/*"
    }
  ],
  "id": 1,
  "method": "GET",
  "time": "2021-04-27T10:28:34.661Z",
  "url": "file:///home/bid/project/MLproject/data/npr/www.ci.stanton.ca.us/Departments/PublicWorksandEngineering/RequestForProposalsandBids"
}

{
  "contentType": null,
  "headers": [],
  "id": 1,
  "redirectURL": null,
  "stage": "end",
  "status": null,
  "statusText": null,
  "time": "2021-04-27T10:28:34.661Z",
  "url": "file:///home/bid/project/MLproject/data/npr/www.ci.stanton.ca.us/Departments/PublicWorksandEngineering/RequestForProposalsandBids"
}

