{
  "headers": [
    {
      "name": "User-Agent",
      "value": "Mozilla/5.0 (Unknown; Linux x86_64) AppleWebKit/534.34 (KHTML, like Gecko) PhantomJS/1.9.8 Safari/534.34"
    },
    {
      "name": "Accept",
      "value": "text/html,application/xhtml+xml,application/xml;q=0.9,*/*;q=0.8"
    }
  ],
  "id": 1,
  "method": "GET",
  "time": "2021-04-27T10:36:13.225Z",
  "url": "http://www.eloyaz.gov/bids"
}

{
  "bodySize": 127,
  "contentType": "text/html; charset=utf-8",
  "headers": [
    {
      "name": "Cache-Control",
      "value": "private, s-maxage=600,no-transform"
    },
    {
      "name": "Content-Type",
      "value": "text/html; charset=utf-8"
    },
    {
      "name": "ETag",
      "value": "\" \""
    },
    {
      "name": "Location",
      "value": "/bids.aspx"
    },
    {
      "name": "Server",
      "value": "Microsoft-IIS/8.5"
    },
    {
      "name": "p3p",
      "value": "CP=\"IDC DSP COR ADM DEVi TAIi PSA PSD IVAi IVDi CONi HIS OUR IND CNT\""
    },
    {
      "name": "X-Content-Type-Options",
      "value": "nosniff"
    },
    {
      "name": "X-XSS-Protection",
      "value": "1; mode=block"
    },
    {
      "name": "Content-Security-Policy",
      "value": "frame-ancestors 'self' https://*.granicus.com http://*.granicus.com https://platform.civicplus.com https://account.civicplus.com https://analytics.civicplus.com; img-src * data:; worker-src * data: blob: 'unsafe-eval' 'unsafe-inline'; script-src * about: 'unsafe-inline' 'unsafe-eval'; style-src * 'unsafe-inline'; media-src * blob:; font-src * data:; default-src *"
    },
    {
      "name": "Date",
      "value": "Tue, 27 Apr 2021 10:36:14 GMT"
    },
    {
      "name": "Content-Length",
      "value": "127"
    }
  ],
  "id": 1,
  "redirectURL": null,
  "stage": "start",
  "status": 301,
  "statusText": "Moved Permanently",
  "time": "2021-04-27T10:36:15.032Z",
  "url": "http://www.eloyaz.gov/bids"
}

{
  "headers": [
    {
      "name": "User-Agent",
      "value": "Mozilla/5.0 (Unknown; Linux x86_64) AppleWebKit/534.34 (KHTML, like Gecko) PhantomJS/1.9.8 Safari/534.34"
    },
    {
      "name": "Accept",
      "value": "text/html,application/xhtml+xml,application/xml;q=0.9,*/*;q=0.8"
    }
  ],
  "id": 2,
  "method": "GET",
  "time": "2021-04-27T10:36:15.033Z",
  "url": "http://www.eloyaz.gov/bids.aspx"
}

{
  "contentType": "text/html; charset=utf-8",
  "headers": [
    {
      "name": "Cache-Control",
      "value": "private, s-maxage=600,no-transform"
    },
    {
      "name": "Content-Type",
      "value": "text/html; charset=utf-8"
    },
    {
      "name": "ETag",
      "value": "\" \""
    },
    {
      "name": "Location",
      "value": "/bids.aspx"
    },
    {
      "name": "Server",
      "value": "Microsoft-IIS/8.5"
    },
    {
      "name": "p3p",
      "value": "CP=\"IDC DSP COR ADM DEVi TAIi PSA PSD IVAi IVDi CONi HIS OUR IND CNT\""
    },
    {
      "name": "X-Content-Type-Options",
      "value": "nosniff"
    },
    {
      "name": "X-XSS-Protection",
      "value": "1; mode=block"
    },
    {
      "name": "Content-Security-Policy",
      "value": "frame-ancestors 'self' https://*.granicus.com http://*.granicus.com https://platform.civicplus.com https://account.civicplus.com https://analytics.civicplus.com; img-src * data:; worker-src * data: blob: 'unsafe-eval' 'unsafe-inline'; script-src * about: 'unsafe-inline' 'unsafe-eval'; style-src * 'unsafe-inline'; media-src * blob:; font-src * data:; default-src *"
    },
    {
      "name": "Date",
      "value": "Tue, 27 Apr 2021 10:36:14 GMT"
    },
    {
      "name": "Content-Length",
      "value": "127"
    }
  ],
  "id": 1,
  "redirectURL": null,
  "stage": "end",
  "status": 301,
  "statusText": "Moved Permanently",
  "time": "2021-04-27T10:36:15.033Z",
  "url": "http://www.eloyaz.gov/bids"
}

{
  "bodySize": 145,
  "contentType": "text/html; charset=utf-8",
  "headers": [
    {
      "name": "Cache-Control",
      "value": "private, s-maxage=600,no-transform"
    },
    {
      "name": "Content-Type",
      "value": "text/html; charset=utf-8"
    },
    {
      "name": "ETag",
      "value": "\" \""
    },
    {
      "name": "Location",
      "value": "https://eloyaz.gov/bids.aspx"
    },
    {
      "name": "Server",
      "value": "Microsoft-IIS/8.5"
    },
    {
      "name": "p3p",
      "value": "CP=\"IDC DSP COR ADM DEVi TAIi PSA PSD IVAi IVDi CONi HIS OUR IND CNT\""
    },
    {
      "name": "X-Content-Type-Options",
      "value": "nosniff"
    },
    {
      "name": "X-XSS-Protection",
      "value": "1; mode=block"
    },
    {
      "name": "Content-Security-Policy",
      "value": "frame-ancestors 'self' https://*.granicus.com http://*.granicus.com https://platform.civicplus.com https://account.civicplus.com https://analytics.civicplus.com; img-src * data:; worker-src * data: blob: 'unsafe-eval' 'unsafe-inline'; script-src * about: 'unsafe-inline' 'unsafe-eval'; style-src * 'unsafe-inline'; media-src * blob:; font-src * data:; default-src *"
    },
    {
      "name": "Date",
      "value": "Tue, 27 Apr 2021 10:36:14 GMT"
    },
    {
      "name": "Content-Length",
      "value": "145"
    }
  ],
  "id": 2,
  "redirectURL": "https://eloyaz.gov/bids.aspx",
  "stage": "start",
  "status": 302,
  "statusText": "Found",
  "time": "2021-04-27T10:36:15.410Z",
  "url": "http://www.eloyaz.gov/bids.aspx"
}

{
  "headers": [
    {
      "name": "User-Agent",
      "value": "Mozilla/5.0 (Unknown; Linux x86_64) AppleWebKit/534.34 (KHTML, like Gecko) PhantomJS/1.9.8 Safari/534.34"
    },
    {
      "name": "Accept",
      "value": "text/html,application/xhtml+xml,application/xml;q=0.9,*/*;q=0.8"
    }
  ],
  "id": 3,
  "method": "GET",
  "time": "2021-04-27T10:36:15.411Z",
  "url": "https://eloyaz.gov/bids.aspx"
}

{
  "contentType": "text/html; charset=utf-8",
  "headers": [
    {
      "name": "Cache-Control",
      "value": "private, s-maxage=600,no-transform"
    },
    {
      "name": "Content-Type",
      "value": "text/html; charset=utf-8"
    },
    {
      "name": "ETag",
      "value": "\" \""
    },
    {
      "name": "Location",
      "value": "https://eloyaz.gov/bids.aspx"
    },
    {
      "name": "Server",
      "value": "Microsoft-IIS/8.5"
    },
    {
      "name": "p3p",
      "value": "CP=\"IDC DSP COR ADM DEVi TAIi PSA PSD IVAi IVDi CONi HIS OUR IND CNT\""
    },
    {
      "name": "X-Content-Type-Options",
      "value": "nosniff"
    },
    {
      "name": "X-XSS-Protection",
      "value": "1; mode=block"
    },
    {
      "name": "Content-Security-Policy",
      "value": "frame-ancestors 'self' https://*.granicus.com http://*.granicus.com https://platform.civicplus.com https://account.civicplus.com https://analytics.civicplus.com; img-src * data:; worker-src * data: blob: 'unsafe-eval' 'unsafe-inline'; script-src * about: 'unsafe-inline' 'unsafe-eval'; style-src * 'unsafe-inline'; media-src * blob:; font-src * data:; default-src *"
    },
    {
      "name": "Date",
      "value": "Tue, 27 Apr 2021 10:36:14 GMT"
    },
    {
      "name": "Content-Length",
      "value": "145"
    }
  ],
  "id": 2,
  "redirectURL": "https://eloyaz.gov/bids.aspx",
  "stage": "end",
  "status": 302,
  "statusText": "Found",
  "time": "2021-04-27T10:36:15.412Z",
  "url": "http://www.eloyaz.gov/bids.aspx"
}

{
  "contentType": null,
  "headers": [],
  "id": 3,
  "redirectURL": null,
  "stage": "end",
  "status": null,
  "statusText": null,
  "time": "2021-04-27T10:36:18.526Z",
  "url": "https://eloyaz.gov/bids.aspx"
}

