{
  "headers": [
    {
      "name": "User-Agent",
      "value": "Mozilla/5.0 (Unknown; Linux x86_64) AppleWebKit/534.34 (KHTML, like Gecko) PhantomJS/1.9.8 Safari/534.34"
    },
    {
      "name": "Accept",
      "value": "text/html,application/xhtml+xml,application/xml;q=0.9,*/*;q=0.8"
    }
  ],
  "id": 1,
  "method": "GET",
  "time": "2021-04-17T05:56:21.680Z",
  "url": "http://www.cityoflawrence.com/Bids"
}

{
  "bodySize": 127,
  "contentType": "text/html; charset=utf-8",
  "headers": [
    {
      "name": "Cache-Control",
      "value": "private, s-maxage=600,no-transform"
    },
    {
      "name": "Content-Type",
      "value": "text/html; charset=utf-8"
    },
    {
      "name": "ETag",
      "value": "\" \""
    },
    {
      "name": "Location",
      "value": "/Bids.aspx"
    },
    {
      "name": "Server",
      "value": "Microsoft-IIS/8.5"
    },
    {
      "name": "p3p",
      "value": "CP=\"IDC DSP COR ADM DEVi TAIi PSA PSD IVAi IVDi CONi HIS OUR IND CNT\""
    },
    {
      "name": "X-Content-Type-Options",
      "value": "nosniff"
    },
    {
      "name": "X-XSS-Protection",
      "value": "1; mode=block"
    },
    {
      "name": "Content-Security-Policy",
      "value": "frame-ancestors 'self' https://*.granicus.com http://*.granicus.com https://platform.civicplus.com https://account.civicplus.com https://analytics.civicplus.com; img-src * data:; worker-src * data: blob: 'unsafe-eval' 'unsafe-inline'; script-src * about: 'unsafe-inline' 'unsafe-eval'; style-src * 'unsafe-inline'; media-src * blob:; font-src * data:; default-src *"
    },
    {
      "name": "Date",
      "value": "Sat, 17 Apr 2021 05:56:22 GMT"
    },
    {
      "name": "Content-Length",
      "value": "127"
    }
  ],
  "id": 1,
  "redirectURL": null,
  "stage": "start",
  "status": 301,
  "statusText": "Moved Permanently",
  "time": "2021-04-17T05:56:22.651Z",
  "url": "http://www.cityoflawrence.com/Bids"
}

{
  "headers": [
    {
      "name": "User-Agent",
      "value": "Mozilla/5.0 (Unknown; Linux x86_64) AppleWebKit/534.34 (KHTML, like Gecko) PhantomJS/1.9.8 Safari/534.34"
    },
    {
      "name": "Accept",
      "value": "text/html,application/xhtml+xml,application/xml;q=0.9,*/*;q=0.8"
    }
  ],
  "id": 2,
  "method": "GET",
  "time": "2021-04-17T05:56:22.652Z",
  "url": "http://www.cityoflawrence.com/Bids.aspx"
}

{
  "contentType": "text/html; charset=utf-8",
  "headers": [
    {
      "name": "Cache-Control",
      "value": "private, s-maxage=600,no-transform"
    },
    {
      "name": "Content-Type",
      "value": "text/html; charset=utf-8"
    },
    {
      "name": "ETag",
      "value": "\" \""
    },
    {
      "name": "Location",
      "value": "/Bids.aspx"
    },
    {
      "name": "Server",
      "value": "Microsoft-IIS/8.5"
    },
    {
      "name": "p3p",
      "value": "CP=\"IDC DSP COR ADM DEVi TAIi PSA PSD IVAi IVDi CONi HIS OUR IND CNT\""
    },
    {
      "name": "X-Content-Type-Options",
      "value": "nosniff"
    },
    {
      "name": "X-XSS-Protection",
      "value": "1; mode=block"
    },
    {
      "name": "Content-Security-Policy",
      "value": "frame-ancestors 'self' https://*.granicus.com http://*.granicus.com https://platform.civicplus.com https://account.civicplus.com https://analytics.civicplus.com; img-src * data:; worker-src * data: blob: 'unsafe-eval' 'unsafe-inline'; script-src * about: 'unsafe-inline' 'unsafe-eval'; style-src * 'unsafe-inline'; media-src * blob:; font-src * data:; default-src *"
    },
    {
      "name": "Date",
      "value": "Sat, 17 Apr 2021 05:56:22 GMT"
    },
    {
      "name": "Content-Length",
      "value": "127"
    }
  ],
  "id": 1,
  "redirectURL": null,
  "stage": "end",
  "status": 301,
  "statusText": "Moved Permanently",
  "time": "2021-04-17T05:56:22.653Z",
  "url": "http://www.cityoflawrence.com/Bids"
}

{
  "bodySize": 157,
  "contentType": "text/html; charset=utf-8",
  "headers": [
    {
      "name": "Cache-Control",
      "value": "private, s-maxage=600,no-transform"
    },
    {
      "name": "Content-Type",
      "value": "text/html; charset=utf-8"
    },
    {
      "name": "ETag",
      "value": "\" \""
    },
    {
      "name": "Location",
      "value": "https://www.cityoflawrence.com/Bids.aspx"
    },
    {
      "name": "Server",
      "value": "Microsoft-IIS/8.5"
    },
    {
      "name": "p3p",
      "value": "CP=\"IDC DSP COR ADM DEVi TAIi PSA PSD IVAi IVDi CONi HIS OUR IND CNT\""
    },
    {
      "name": "X-Content-Type-Options",
      "value": "nosniff"
    },
    {
      "name": "X-XSS-Protection",
      "value": "1; mode=block"
    },
    {
      "name": "Content-Security-Policy",
      "value": "frame-ancestors 'self' https://*.granicus.com http://*.granicus.com https://platform.civicplus.com https://account.civicplus.com https://analytics.civicplus.com; img-src * data:; worker-src * data: blob: 'unsafe-eval' 'unsafe-inline'; script-src * about: 'unsafe-inline' 'unsafe-eval'; style-src * 'unsafe-inline'; media-src * blob:; font-src * data:; default-src *"
    },
    {
      "name": "Date",
      "value": "Sat, 17 Apr 2021 05:56:22 GMT"
    },
    {
      "name": "Content-Length",
      "value": "157"
    }
  ],
  "id": 2,
  "redirectURL": "https://www.cityoflawrence.com/Bids.aspx",
  "stage": "start",
  "status": 302,
  "statusText": "Found",
  "time": "2021-04-17T05:56:22.951Z",
  "url": "http://www.cityoflawrence.com/Bids.aspx"
}

{
  "headers": [
    {
      "name": "User-Agent",
      "value": "Mozilla/5.0 (Unknown; Linux x86_64) AppleWebKit/534.34 (KHTML, like Gecko) PhantomJS/1.9.8 Safari/534.34"
    },
    {
      "name": "Accept",
      "value": "text/html,application/xhtml+xml,application/xml;q=0.9,*/*;q=0.8"
    }
  ],
  "id": 3,
  "method": "GET",
  "time": "2021-04-17T05:56:22.952Z",
  "url": "https://www.cityoflawrence.com/Bids.aspx"
}

{
  "contentType": "text/html; charset=utf-8",
  "headers": [
    {
      "name": "Cache-Control",
      "value": "private, s-maxage=600,no-transform"
    },
    {
      "name": "Content-Type",
      "value": "text/html; charset=utf-8"
    },
    {
      "name": "ETag",
      "value": "\" \""
    },
    {
      "name": "Location",
      "value": "https://www.cityoflawrence.com/Bids.aspx"
    },
    {
      "name": "Server",
      "value": "Microsoft-IIS/8.5"
    },
    {
      "name": "p3p",
      "value": "CP=\"IDC DSP COR ADM DEVi TAIi PSA PSD IVAi IVDi CONi HIS OUR IND CNT\""
    },
    {
      "name": "X-Content-Type-Options",
      "value": "nosniff"
    },
    {
      "name": "X-XSS-Protection",
      "value": "1; mode=block"
    },
    {
      "name": "Content-Security-Policy",
      "value": "frame-ancestors 'self' https://*.granicus.com http://*.granicus.com https://platform.civicplus.com https://account.civicplus.com https://analytics.civicplus.com; img-src * data:; worker-src * data: blob: 'unsafe-eval' 'unsafe-inline'; script-src * about: 'unsafe-inline' 'unsafe-eval'; style-src * 'unsafe-inline'; media-src * blob:; font-src * data:; default-src *"
    },
    {
      "name": "Date",
      "value": "Sat, 17 Apr 2021 05:56:22 GMT"
    },
    {
      "name": "Content-Length",
      "value": "157"
    }
  ],
  "id": 2,
  "redirectURL": "https://www.cityoflawrence.com/Bids.aspx",
  "stage": "end",
  "status": 302,
  "statusText": "Found",
  "time": "2021-04-17T05:56:22.952Z",
  "url": "http://www.cityoflawrence.com/Bids.aspx"
}

{
  "contentType": null,
  "headers": [],
  "id": 3,
  "redirectURL": null,
  "stage": "end",
  "status": null,
  "statusText": null,
  "time": "2021-04-17T05:56:24.784Z",
  "url": "https://www.cityoflawrence.com/Bids.aspx"
}

