{
  "headers": [
    {
      "name": "User-Agent",
      "value": "Mozilla/5.0 (Unknown; Linux x86_64) AppleWebKit/534.34 (KHTML, like Gecko) PhantomJS/1.9.8 Safari/534.34"
    },
    {
      "name": "Accept",
      "value": "text/html,application/xhtml+xml,application/xml;q=0.9,*/*;q=0.8"
    }
  ],
  "id": 1,
  "method": "GET",
  "time": "2021-04-27T10:44:43.632Z",
  "url": "http://www.madison-in.gov/Bids"
}

{
  "bodySize": 154,
  "contentType": "text/html; charset=UTF-8",
  "headers": [
    {
      "name": "Content-Type",
      "value": "text/html; charset=UTF-8"
    },
    {
      "name": "Location",
      "value": "https://www.madison-in.gov/Bids"
    },
    {
      "name": "Server",
      "value": ""
    },
    {
      "name": "X-Frame-Options",
      "value": "SAMEORIGIN"
    },
    {
      "name": "Content-Security-Policy",
      "value": "frame-ancestors 'self' *.egovcdn.com"
    },
    {
      "name": "X-POWERED-BY",
      "value": ""
    },
    {
      "name": "Date",
      "value": "Tue, 27 Apr 2021 10:44:44 GMT"
    },
    {
      "name": "Content-Length",
      "value": "154"
    }
  ],
  "id": 1,
  "redirectURL": "https://www.madison-in.gov/Bids",
  "stage": "start",
  "status": 301,
  "statusText": "Moved Permanently",
  "time": "2021-04-27T10:44:44.627Z",
  "url": "http://www.madison-in.gov/Bids"
}

{
  "headers": [
    {
      "name": "User-Agent",
      "value": "Mozilla/5.0 (Unknown; Linux x86_64) AppleWebKit/534.34 (KHTML, like Gecko) PhantomJS/1.9.8 Safari/534.34"
    },
    {
      "name": "Accept",
      "value": "text/html,application/xhtml+xml,application/xml;q=0.9,*/*;q=0.8"
    }
  ],
  "id": 2,
  "method": "GET",
  "time": "2021-04-27T10:44:44.627Z",
  "url": "https://www.madison-in.gov/Bids"
}

{
  "contentType": "text/html; charset=UTF-8",
  "headers": [
    {
      "name": "Content-Type",
      "value": "text/html; charset=UTF-8"
    },
    {
      "name": "Location",
      "value": "https://www.madison-in.gov/Bids"
    },
    {
      "name": "Server",
      "value": ""
    },
    {
      "name": "X-Frame-Options",
      "value": "SAMEORIGIN"
    },
    {
      "name": "Content-Security-Policy",
      "value": "frame-ancestors 'self' *.egovcdn.com"
    },
    {
      "name": "X-POWERED-BY",
      "value": ""
    },
    {
      "name": "Date",
      "value": "Tue, 27 Apr 2021 10:44:44 GMT"
    },
    {
      "name": "Content-Length",
      "value": "154"
    }
  ],
  "id": 1,
  "redirectURL": "https://www.madison-in.gov/Bids",
  "stage": "end",
  "status": 301,
  "statusText": "Moved Permanently",
  "time": "2021-04-27T10:44:44.628Z",
  "url": "http://www.madison-in.gov/Bids"
}

{
  "contentType": null,
  "headers": [],
  "id": 2,
  "redirectURL": null,
  "stage": "end",
  "status": null,
  "statusText": null,
  "time": "2021-04-27T10:44:46.863Z",
  "url": "https://www.madison-in.gov/Bids"
}

