{
  "headers": [
    {
      "name": "User-Agent",
      "value": "Mozilla/5.0 (Unknown; Linux x86_64) AppleWebKit/534.34 (KHTML, like Gecko) PhantomJS/1.9.8 Safari/534.34"
    },
    {
      "name": "Accept",
      "value": "text/html,application/xhtml+xml,application/xml;q=0.9,*/*;q=0.8"
    }
  ],
  "id": 1,
  "method": "GET",
  "time": "2021-04-17T06:05:21.220Z",
  "url": "http://www.co.summit.co.us/Bids"
}

{
  "bodySize": 152,
  "contentType": "text/html; charset=utf-8",
  "headers": [
    {
      "name": "Cache-Control",
      "value": "private, s-maxage=600,no-transform"
    },
    {
      "name": "Content-Type",
      "value": "text/html; charset=utf-8"
    },
    {
      "name": "ETag",
      "value": "\" \""
    },
    {
      "name": "Location",
      "value": "https://www.summitcountyco.gov/Bids"
    },
    {
      "name": "Server",
      "value": "Microsoft-IIS/8.5"
    },
    {
      "name": "p3p",
      "value": "CP=\"IDC DSP COR ADM DEVi TAIi PSA PSD IVAi IVDi CONi HIS OUR IND CNT\""
    },
    {
      "name": "X-Content-Type-Options",
      "value": "nosniff"
    },
    {
      "name": "X-XSS-Protection",
      "value": "1; mode=block"
    },
    {
      "name": "Content-Security-Policy",
      "value": "frame-ancestors 'self' https://*.granicus.com http://*.granicus.com https://platform.civicplus.com https://account.civicplus.com https://analytics.civicplus.com; img-src * data:; worker-src * data: blob: 'unsafe-eval' 'unsafe-inline'; script-src * about: 'unsafe-inline' 'unsafe-eval'; style-src * 'unsafe-inline'; media-src * blob:; font-src * data:; default-src *"
    },
    {
      "name": "Date",
      "value": "Sat, 17 Apr 2021 06:05:21 GMT"
    },
    {
      "name": "Content-Length",
      "value": "152"
    }
  ],
  "id": 1,
  "redirectURL": "https://www.summitcountyco.gov/Bids",
  "stage": "start",
  "status": 302,
  "statusText": "Found",
  "time": "2021-04-17T06:05:22.331Z",
  "url": "http://www.co.summit.co.us/Bids"
}

{
  "headers": [
    {
      "name": "User-Agent",
      "value": "Mozilla/5.0 (Unknown; Linux x86_64) AppleWebKit/534.34 (KHTML, like Gecko) PhantomJS/1.9.8 Safari/534.34"
    },
    {
      "name": "Accept",
      "value": "text/html,application/xhtml+xml,application/xml;q=0.9,*/*;q=0.8"
    }
  ],
  "id": 2,
  "method": "GET",
  "time": "2021-04-17T06:05:22.331Z",
  "url": "https://www.summitcountyco.gov/Bids"
}

{
  "contentType": "text/html; charset=utf-8",
  "headers": [
    {
      "name": "Cache-Control",
      "value": "private, s-maxage=600,no-transform"
    },
    {
      "name": "Content-Type",
      "value": "text/html; charset=utf-8"
    },
    {
      "name": "ETag",
      "value": "\" \""
    },
    {
      "name": "Location",
      "value": "https://www.summitcountyco.gov/Bids"
    },
    {
      "name": "Server",
      "value": "Microsoft-IIS/8.5"
    },
    {
      "name": "p3p",
      "value": "CP=\"IDC DSP COR ADM DEVi TAIi PSA PSD IVAi IVDi CONi HIS OUR IND CNT\""
    },
    {
      "name": "X-Content-Type-Options",
      "value": "nosniff"
    },
    {
      "name": "X-XSS-Protection",
      "value": "1; mode=block"
    },
    {
      "name": "Content-Security-Policy",
      "value": "frame-ancestors 'self' https://*.granicus.com http://*.granicus.com https://platform.civicplus.com https://account.civicplus.com https://analytics.civicplus.com; img-src * data:; worker-src * data: blob: 'unsafe-eval' 'unsafe-inline'; script-src * about: 'unsafe-inline' 'unsafe-eval'; style-src * 'unsafe-inline'; media-src * blob:; font-src * data:; default-src *"
    },
    {
      "name": "Date",
      "value": "Sat, 17 Apr 2021 06:05:21 GMT"
    },
    {
      "name": "Content-Length",
      "value": "152"
    }
  ],
  "id": 1,
  "redirectURL": "https://www.summitcountyco.gov/Bids",
  "stage": "end",
  "status": 302,
  "statusText": "Found",
  "time": "2021-04-17T06:05:22.331Z",
  "url": "http://www.co.summit.co.us/Bids"
}

{
  "contentType": null,
  "headers": [],
  "id": 2,
  "redirectURL": null,
  "stage": "end",
  "status": null,
  "statusText": null,
  "time": "2021-04-17T06:05:24.573Z",
  "url": "https://www.summitcountyco.gov/Bids"
}

