{
  "headers": [
    {
      "name": "User-Agent",
      "value": "Mozilla/5.0 (Unknown; Linux x86_64) AppleWebKit/534.34 (KHTML, like Gecko) PhantomJS/1.9.8 Safari/534.34"
    },
    {
      "name": "Accept",
      "value": "text/html,application/xhtml+xml,application/xml;q=0.9,*/*;q=0.8"
    }
  ],
  "id": 1,
  "method": "GET",
  "time": "2021-04-27T10:51:03.133Z",
  "url": "http://www.co.chaves.nm.us/bids"
}

{
  "bodySize": 149,
  "contentType": "text/html; charset=utf-8",
  "headers": [
    {
      "name": "Cache-Control",
      "value": "private, s-maxage=600,no-transform"
    },
    {
      "name": "Content-Type",
      "value": "text/html; charset=utf-8"
    },
    {
      "name": "ETag",
      "value": "\" \""
    },
    {
      "name": "Location",
      "value": "http://www.chavescounty.gov/bids"
    },
    {
      "name": "Server",
      "value": "Microsoft-IIS/8.5"
    },
    {
      "name": "p3p",
      "value": "CP=\"IDC DSP COR ADM DEVi TAIi PSA PSD IVAi IVDi CONi HIS OUR IND CNT\""
    },
    {
      "name": "X-Content-Type-Options",
      "value": "nosniff"
    },
    {
      "name": "X-XSS-Protection",
      "value": "1; mode=block"
    },
    {
      "name": "Content-Security-Policy",
      "value": "frame-ancestors 'self' https://*.granicus.com http://*.granicus.com https://platform.civicplus.com https://account.civicplus.com https://analytics.civicplus.com; img-src * data:; worker-src * data: blob: 'unsafe-eval' 'unsafe-inline'; script-src * about: 'unsafe-inline' 'unsafe-eval'; style-src * 'unsafe-inline'; media-src * blob:; font-src * data:; default-src *"
    },
    {
      "name": "Date",
      "value": "Tue, 27 Apr 2021 10:51:04 GMT"
    },
    {
      "name": "Content-Length",
      "value": "149"
    }
  ],
  "id": 1,
  "redirectURL": "http://www.chavescounty.gov/bids",
  "stage": "start",
  "status": 301,
  "statusText": "Moved Permanently",
  "time": "2021-04-27T10:51:04.293Z",
  "url": "http://www.co.chaves.nm.us/bids"
}

{
  "headers": [
    {
      "name": "User-Agent",
      "value": "Mozilla/5.0 (Unknown; Linux x86_64) AppleWebKit/534.34 (KHTML, like Gecko) PhantomJS/1.9.8 Safari/534.34"
    },
    {
      "name": "Accept",
      "value": "text/html,application/xhtml+xml,application/xml;q=0.9,*/*;q=0.8"
    }
  ],
  "id": 2,
  "method": "GET",
  "time": "2021-04-27T10:51:04.294Z",
  "url": "http://www.chavescounty.gov/bids"
}

{
  "contentType": "text/html; charset=utf-8",
  "headers": [
    {
      "name": "Cache-Control",
      "value": "private, s-maxage=600,no-transform"
    },
    {
      "name": "Content-Type",
      "value": "text/html; charset=utf-8"
    },
    {
      "name": "ETag",
      "value": "\" \""
    },
    {
      "name": "Location",
      "value": "http://www.chavescounty.gov/bids"
    },
    {
      "name": "Server",
      "value": "Microsoft-IIS/8.5"
    },
    {
      "name": "p3p",
      "value": "CP=\"IDC DSP COR ADM DEVi TAIi PSA PSD IVAi IVDi CONi HIS OUR IND CNT\""
    },
    {
      "name": "X-Content-Type-Options",
      "value": "nosniff"
    },
    {
      "name": "X-XSS-Protection",
      "value": "1; mode=block"
    },
    {
      "name": "Content-Security-Policy",
      "value": "frame-ancestors 'self' https://*.granicus.com http://*.granicus.com https://platform.civicplus.com https://account.civicplus.com https://analytics.civicplus.com; img-src * data:; worker-src * data: blob: 'unsafe-eval' 'unsafe-inline'; script-src * about: 'unsafe-inline' 'unsafe-eval'; style-src * 'unsafe-inline'; media-src * blob:; font-src * data:; default-src *"
    },
    {
      "name": "Date",
      "value": "Tue, 27 Apr 2021 10:51:04 GMT"
    },
    {
      "name": "Content-Length",
      "value": "149"
    }
  ],
  "id": 1,
  "redirectURL": "http://www.chavescounty.gov/bids",
  "stage": "end",
  "status": 301,
  "statusText": "Moved Permanently",
  "time": "2021-04-27T10:51:04.295Z",
  "url": "http://www.co.chaves.nm.us/bids"
}

{
  "bodySize": 150,
  "contentType": "text/html; charset=utf-8",
  "headers": [
    {
      "name": "Cache-Control",
      "value": "private, s-maxage=600,no-transform"
    },
    {
      "name": "Content-Type",
      "value": "text/html; charset=utf-8"
    },
    {
      "name": "ETag",
      "value": "\" \""
    },
    {
      "name": "Location",
      "value": "https://www.chavescounty.gov/bids"
    },
    {
      "name": "Server",
      "value": "Microsoft-IIS/8.5"
    },
    {
      "name": "p3p",
      "value": "CP=\"IDC DSP COR ADM DEVi TAIi PSA PSD IVAi IVDi CONi HIS OUR IND CNT\""
    },
    {
      "name": "X-Content-Type-Options",
      "value": "nosniff"
    },
    {
      "name": "X-XSS-Protection",
      "value": "1; mode=block"
    },
    {
      "name": "Content-Security-Policy",
      "value": "frame-ancestors 'self' https://*.granicus.com http://*.granicus.com https://platform.civicplus.com https://account.civicplus.com https://analytics.civicplus.com; img-src * data:; worker-src * data: blob: 'unsafe-eval' 'unsafe-inline'; script-src * about: 'unsafe-inline' 'unsafe-eval'; style-src * 'unsafe-inline'; media-src * blob:; font-src * data:; default-src *"
    },
    {
      "name": "Date",
      "value": "Tue, 27 Apr 2021 10:51:05 GMT"
    },
    {
      "name": "Content-Length",
      "value": "150"
    }
  ],
  "id": 2,
  "redirectURL": "https://www.chavescounty.gov/bids",
  "stage": "start",
  "status": 302,
  "statusText": "Found",
  "time": "2021-04-27T10:51:05.327Z",
  "url": "http://www.chavescounty.gov/bids"
}

{
  "headers": [
    {
      "name": "User-Agent",
      "value": "Mozilla/5.0 (Unknown; Linux x86_64) AppleWebKit/534.34 (KHTML, like Gecko) PhantomJS/1.9.8 Safari/534.34"
    },
    {
      "name": "Accept",
      "value": "text/html,application/xhtml+xml,application/xml;q=0.9,*/*;q=0.8"
    }
  ],
  "id": 3,
  "method": "GET",
  "time": "2021-04-27T10:51:05.327Z",
  "url": "https://www.chavescounty.gov/bids"
}

{
  "contentType": "text/html; charset=utf-8",
  "headers": [
    {
      "name": "Cache-Control",
      "value": "private, s-maxage=600,no-transform"
    },
    {
      "name": "Content-Type",
      "value": "text/html; charset=utf-8"
    },
    {
      "name": "ETag",
      "value": "\" \""
    },
    {
      "name": "Location",
      "value": "https://www.chavescounty.gov/bids"
    },
    {
      "name": "Server",
      "value": "Microsoft-IIS/8.5"
    },
    {
      "name": "p3p",
      "value": "CP=\"IDC DSP COR ADM DEVi TAIi PSA PSD IVAi IVDi CONi HIS OUR IND CNT\""
    },
    {
      "name": "X-Content-Type-Options",
      "value": "nosniff"
    },
    {
      "name": "X-XSS-Protection",
      "value": "1; mode=block"
    },
    {
      "name": "Content-Security-Policy",
      "value": "frame-ancestors 'self' https://*.granicus.com http://*.granicus.com https://platform.civicplus.com https://account.civicplus.com https://analytics.civicplus.com; img-src * data:; worker-src * data: blob: 'unsafe-eval' 'unsafe-inline'; script-src * about: 'unsafe-inline' 'unsafe-eval'; style-src * 'unsafe-inline'; media-src * blob:; font-src * data:; default-src *"
    },
    {
      "name": "Date",
      "value": "Tue, 27 Apr 2021 10:51:05 GMT"
    },
    {
      "name": "Content-Length",
      "value": "150"
    }
  ],
  "id": 2,
  "redirectURL": "https://www.chavescounty.gov/bids",
  "stage": "end",
  "status": 302,
  "statusText": "Found",
  "time": "2021-04-27T10:51:05.328Z",
  "url": "http://www.chavescounty.gov/bids"
}

{
  "contentType": null,
  "headers": [],
  "id": 3,
  "redirectURL": null,
  "stage": "end",
  "status": null,
  "statusText": null,
  "time": "2021-04-27T10:51:07.553Z",
  "url": "https://www.chavescounty.gov/bids"
}

